nohup: ignoring input
Words: 5,000  |  Done: 800  |  Remaining: 4,200
Rate: 45 RPM  (1.3s delay)  est. 1.6h

[ 343/5000] puttana                (n)  ERROR: API error occurred: Status 429. Body: {"object":"error","message":"Service tier capacity exceeded for this model.","type":"service_tier_capacity_exceeded","param":null,"code":"3505","raw_status_code":429}
[ 348/5000] realtà                 (n)  ERROR: API error occurred: Status 429. Body: {"object":"error","message":"Service tier capacity exceeded for this model.","type":"service_tier_capacity_exceeded","param":null,"code":"3505","raw_status_code":429}
[ 349/5000] vendere                (v)  ERROR: API error occurred: Status 429. Body: {"object":"error","message":"Service tier capacity exceeded for this model.","type":"service_tier_capacity_exceeded","param":null,"code":"3505","raw_status_code":429}
[ 426/5000] pure                   (adv)  ERROR: API error occurred: Status 429. Body: {"object":"error","message":"Service tier capacity exceeded for this model.","type":"service_tier_capacity_exceeded","param":null,"code":"3505","raw_status_code":429}
[ 435/5000] stronzo                (n)  ERROR: API error occurred: Status 429. Body: {"object":"error","message":"Service tier capacity exceeded for this model.","type":"service_tier_capacity_exceeded","param":null,"code":"3505","raw_status_code":429}
[ 472/5000] scorso                 (adj)  ERROR: API error occurred: Status 429. Body: {"object":"error","message":"Service tier capacity exceeded for this model.","type":"service_tier_capacity_exceeded","param":null,"code":"3505","raw_status_code":429}
[ 500/5000] capello                (n)  ERROR: API error occurred: Status 429. Body: {"object":"error","message":"Service tier capacity exceeded for this model.","type":"service_tier_capacity_exceeded","param":null,"code":"3505","raw_status_code":429}
[ 529/5000] raggiungere            (v)  ERROR: API error occurred: Status 429. Body: {"object":"error","message":"Service tier capacity exceeded for this model.","type":"service_tier_capacity_exceeded","param":null,"code":"3505","raw_status_code":429}
[ 537/5000] considerare            (v)  ERROR: API error occurred: Status 429. Body: {"object":"error","message":"Service tier capacity exceeded for this model.","type":"service_tier_capacity_exceeded","param":null,"code":"3505","raw_status_code":429}
[ 583/5000] bisognare              (v)  ERROR: API error occurred: Status 429. Body: {"object":"error","message":"Service tier capacity exceeded for this model.","type":"service_tier_capacity_exceeded","param":null,"code":"3505","raw_status_code":429}
[ 636/5000] dimostrare             (v)  ERROR: API error occurred: Status 429. Body: {"object":"error","message":"Service tier capacity exceeded for this model.","type":"service_tier_capacity_exceeded","param":null,"code":"3505","raw_status_code":429}
[ 645/5000] intorno                (adv)  ERROR: API error occurred: Status 429. Body: {"object":"error","message":"Service tier capacity exceeded for this model.","type":"service_tier_capacity_exceeded","param":null,"code":"3505","raw_status_code":429}
[ 785/5000] club                   (n)  ERROR: API error occurred: Status 429. Body: {"object":"error","message":"Service tier capacity exceeded for this model.","type":"service_tier_capacity_exceeded","param":null,"code":"3505","raw_status_code":429}
[ 814/5000] società                (n)  ERROR: API error occurred: Status 429. Body: {"object":"error","message":"Service tier capacity exceeded for this model.","type":"service_tier_capacity_exceeded","param":null,"code":"3505","raw_status_code":429}
[ 815/5000] salute                 (n)  ERROR: API error occurred: Status 429. Body: {"object":"error","message":"Service tier capacity exceeded for this model.","type":"service_tier_capacity_exceeded","param":null,"code":"3505","raw_status_code":429}
[ 816/5000] speranza               (n)  ERROR: API error occurred: Status 429. Body: {"object":"error","message":"Service tier capacity exceeded for this model.","type":"service_tier_capacity_exceeded","param":null,"code":"3505","raw_status_code":429}
[ 817/5000] và                     (v)  ERROR: API error occurred: Status 429. Body: {"object":"error","message":"Service tier capacity exceeded for this model.","type":"service_tier_capacity_exceeded","param":null,"code":"3505","raw_status_code":429}
[ 818/5000] compito                (n)  ERROR: API error occurred: Status 429. Body: {"object":"error","message":"Service tier capacity exceeded for this model.","type":"service_tier_capacity_exceeded","param":null,"code":"3505","raw_status_code":429}
[ 819/5000] pensiero               (n)  ERROR: API error occurred: Status 429. Body: {"object":"error","message":"Service tier capacity exceeded for this model.","type":"service_tier_capacity_exceeded","param":null,"code":"3505","raw_status_code":429}
[ 820/5000] inferno                (n)  ERROR: API error occurred: Status 429. Body: {"object":"error","message":"Service tier capacity exceeded for this model.","type":"service_tier_capacity_exceeded","param":null,"code":"3505","raw_status_code":429}
[ 821/5000] privato                (adj)  ERROR: API error occurred: Status 429. Body: {"object":"error","message":"Service tier capacity exceeded for this model.","type":"service_tier_capacity_exceeded","param":null,"code":"3505","raw_status_code":429}
[ 822/5000] richiedere             (v)  ERROR: API error occurred: Status 429. Body: {"object":"error","message":"Service tier capacity exceeded for this model.","type":"service_tier_capacity_exceeded","param":null,"code":"3505","raw_status_code":429}
[ 823/5000] puro                   (adj)  ERROR: API error occurred: Status 429. Body: {"object":"error","message":"Service tier capacity exceeded for this model.","type":"service_tier_capacity_exceeded","param":null,"code":"3505","raw_status_code":429}
[ 824/5000] pesce                  (n)  ERROR: API error occurred: Status 429. Body: {"object":"error","message":"Service tier capacity exceeded for this model.","type":"service_tier_capacity_exceeded","param":null,"code":"3505","raw_status_code":429}
[ 825/5000] libertà                (n)  ERROR: API error occurred: Status 429. Body: {"object":"error","message":"Service tier capacity exceeded for this model.","type":"service_tier_capacity_exceeded","param":null,"code":"3505","raw_status_code":429}
[ 826/5000] tradire                (v)  ERROR: API error occurred: Status 429. Body: {"object":"error","message":"Service tier capacity exceeded for this model.","type":"service_tier_capacity_exceeded","param":null,"code":"3505","raw_status_code":429}
[ 827/5000] gay                    (n)  ERROR: API error occurred: Status 429. Body: {"object":"error","message":"Service tier capacity exceeded for this model.","type":"service_tier_capacity_exceeded","param":null,"code":"3505","raw_status_code":429}
[ 828/5000] accendere              (v)  ERROR: API error occurred: Status 429. Body: {"object":"error","message":"Service tier capacity exceeded for this model.","type":"service_tier_capacity_exceeded","param":null,"code":"3505","raw_status_code":429}
[ 829/5000] processo               (n)  ERROR: API error occurred: Status 429. Body: {"object":"error","message":"Service tier capacity exceeded for this model.","type":"service_tier_capacity_exceeded","param":null,"code":"3505","raw_status_code":429}
[ 830/5000] progetto               (n)  ERROR: API error occurred: Status 429. Body: {"object":"error","message":"Service tier capacity exceeded for this model.","type":"service_tier_capacity_exceeded","param":null,"code":"3505","raw_status_code":429}
[ 831/5000] immagine               (n)  ERROR: API error occurred: Status 429. Body: {"object":"error","message":"Service tier capacity exceeded for this model.","type":"service_tier_capacity_exceeded","param":null,"code":"3505","raw_status_code":429}
[ 832/5000] fidanzato              (n)  ERROR: API error occurred: Status 429. Body: {"object":"error","message":"Service tier capacity exceeded for this model.","type":"service_tier_capacity_exceeded","param":null,"code":"3505","raw_status_code":429}
[ 833/5000] studente               (n)  ERROR: API error occurred: Status 429. Body: {"object":"error","message":"Service tier capacity exceeded for this model.","type":"service_tier_capacity_exceeded","param":null,"code":"3505","raw_status_code":429}
[ 834/5000] bastardo               (adj)  ERROR: API error occurred: Status 429. Body: {"object":"error","message":"Service tier capacity exceeded for this model.","type":"service_tier_capacity_exceeded","param":null,"code":"3505","raw_status_code":429}
[ 835/5000] segnale                (n)  ERROR: API error occurred: Status 429. Body: {"object":"error","message":"Service tier capacity exceeded for this model.","type":"service_tier_capacity_exceeded","param":null,"code":"3505","raw_status_code":429}
[ 836/5000] colonnello             (n)  ERROR: API error occurred: Status 429. Body: {"object":"error","message":"Service tier capacity exceeded for this model.","type":"service_tier_capacity_exceeded","param":null,"code":"3505","raw_status_code":429}
[ 837/5000] rifiutare              (v)  ERROR: API error occurred: Status 429. Body: {"object":"error","message":"Service tier capacity exceeded for this model.","type":"service_tier_capacity_exceeded","param":null,"code":"3505","raw_status_code":429}
[ 838/5000] giornale               (n)  